<?xml version="1.0" encoding="UTF-8"?>
<!-- Generated by org.testng.reporters.JUnitReportReporter -->
<testsuite hostname="DESKTOP-TR185PD" failures="0" tests="1" name="DemoTest.Demo" time="0.016" errors="0" timestamp="2022-01-24T22:36:41 IST" skipped="0">
  <testcase classname="DemoTest.Demo" name="test" time="0.016"/>
  <system-out/>
</testsuite> <!-- DemoTest.Demo -->
